
  INSTALL sound/soc/bcm/snd-soc-rpi-cirrus.ko
  INSTALL sound/soc/bcm/snd-soc-rpi-dac.ko
  INSTALL sound/soc/codecs/snd-soc-adau1701.ko
  INSTALL sound/soc/bcm/snd-soc-rpi-proto.ko
  INSTALL sound/soc/codecs/snd-soc-adau1977-i2c.ko
  INSTALL sound/soc/codecs/snd-soc-adau1977.ko
  INSTALL sound/soc/codecs/snd-soc-adau7002.ko
  INSTALL sound/soc/codecs/snd-soc-ak4554.ko
  INSTALL sound/soc/codecs/snd-soc-arizona.ko
  INSTALL sound/soc/codecs/snd-soc-cs4265.ko
  INSTALL sound/soc/codecs/snd-soc-cs4271-i2c.ko
  INSTALL sound/soc/codecs/snd-soc-cs4271.ko
  INSTALL sound/soc/codecs/snd-soc-cs42xx8-i2c.ko
  INSTALL sound/soc/codecs/snd-soc-cs42xx8.ko
  INSTALL sound/soc/codecs/snd-soc-pcm1794a.ko
  INSTALL sound/soc/codecs/snd-soc-pcm5102a.ko
  INSTALL sound/soc/codecs/snd-soc-pcm512x.ko
  INSTALL sound/soc/codecs/snd-soc-pcm512x-i2c.ko
  INSTALL sound/soc/codecs/snd-soc-sgtl5000.ko
  INSTALL sound/soc/codecs/snd-soc-sigmadsp-i2c.ko
  INSTALL sound/soc/codecs/snd-soc-spdif-rx.ko
  INSTALL sound/soc/codecs/snd-soc-sigmadsp.ko
  INSTALL sound/soc/codecs/snd-soc-spdif-tx.ko
  INSTALL sound/soc/codecs/snd-soc-tas5713.ko
  INSTALL sound/soc/codecs/snd-soc-wm-adsp.ko
  INSTALL sound/soc/codecs/snd-soc-wm5102.ko
  INSTALL sound/soc/codecs/snd-soc-wm8731.ko
  INSTALL sound/soc/codecs/snd-soc-wm8741.ko
  INSTALL sound/soc/codecs/snd-soc-wm8804-i2c.ko
  INSTALL sound/soc/codecs/snd-soc-wm8804.ko
  INSTALL sound/soc/generic/snd-soc-audio-graph-card.ko
  INSTALL sound/soc/generic/snd-soc-simple-card-utils.ko
  INSTALL sound/soc/generic/snd-soc-simple-card.ko
  INSTALL sound/soc/snd-soc-core.ko
  INSTALL sound/usb/6fire/snd-usb-6fire.ko
  INSTALL sound/usb/caiaq/snd-usb-caiaq.ko
  INSTALL sound/usb/hiface/snd-usb-hiface.ko
  INSTALL sound/usb/misc/snd-ua101.ko
  INSTALL sound/usb/snd-usb-audio.ko
  INSTALL sound/usb/snd-usbmidi-lib.ko
  DEPMOD  4.14.74-rt44-v7+
